<?xml version="1.0" encoding="UTF-8"?>
<testsuite xmlns:xsi="http://www.w3.org/2001/XMLSchema-instance" xsi:noNamespaceSchemaLocation="https://maven.apache.org/surefire/maven-surefire-plugin/xsd/surefire-test-report-3.0.xsd" version="3.0" name="NodoEnergiaTest" time="0.081" tests="6" errors="0" skipped="0" failures="0">
  <properties>
[...]
</properties>
  <testcase name="testSetCargaActualIgualCapacidad" classname="NodoEnergiaTest" time="0.035"/>
  <testcase name="testSetCapacidadMax" classname="NodoEnergiaTest" time="0.002"/>
  <testcase name="testSetCargaActualSuperaCapacidad" classname="NodoEnergiaTest" time="0.001"/>
  <testcase name="testGetters" classname="NodoEnergiaTest" time="0.003"/>
  <testcase name="testSetCargaActualDentroDeCapacidad" classname="NodoEnergiaTest" time="0.002"/>
  <testcase name="testSetFuente" classname="NodoEnergiaTest" time="0.001"/>
</testsuite>